<?xml version="1.0" encoding="UTF-8"?>
<!-- Generated by org.testng.reporters.JUnitReportReporter -->
<testsuite skipped="0" hostname="Mds-MacBook-Air.local" name="com.framingham.MavenNewProject.NewTest" tests="1" failures="0" timestamp="2020-06-17T22:09:45 EDT" time="0.007" errors="0">
  <testcase name="f" time="0.007" classname="com.framingham.MavenNewProject.NewTest"/>
</testsuite> <!-- com.framingham.MavenNewProject.NewTest -->
