<?xml version="1.0" encoding="UTF-8"?>
<!-- Generated by org.testng.reporters.JUnitReportReporter -->
<testsuite skipped="1" hostname="Mds-MacBook-Air.local" name="com.boston.runner.testRunner" tests="1" failures="0" timestamp="2020-07-03T19:16:30 EDT" time="0.000" errors="0">
  <testcase name="feature" time="0.000" classname="com.boston.runner.testRunner">
    <skipped/>
  </testcase> <!-- feature -->
</testsuite> <!-- com.boston.runner.testRunner -->
